<?xml version="1.0" encoding="UTF-8"?>
<!-- Generated by org.testng.reporters.JUnitReportReporter -->
<testsuite skipped="0" hostname="LAPTOP-TSQ3SGPQ" name="com.addition.Addition" tests="1" failures="0" timestamp="2021-07-30T21:47:16 IST" time="0.004" errors="0">
  <testcase name="helloPrinter" time="0.004" classname="com.addition.Addition"/>
  <system-out/>
</testsuite> <!-- com.addition.Addition -->
